<?xml version="1.0" encoding="utf-8"?><testsuites name="pytest tests"><testsuite name="pytest" errors="0" failures="0" skipped="0" tests="17" time="0.329" timestamp="2026-07-21T22:49:53.861998-03:00" hostname="matheus-Inspiron-15-5510"><testcase classname="tests.test_auth" name="test_get_current_user_valid_token" time="0.010" /><testcase classname="tests.test_auth" name="test_get_current_user_missing_sub" time="0.006" /><testcase classname="tests.test_auth" name="test_get_current_user_expired_token" time="0.004" /><testcase classname="tests.test_auth" name="test_get_current_user_invalid_token" time="0.006" /><testcase classname="tests.test_config" name="test_load_secrets_from_vault_success" time="0.008" /><testcase classname="tests.test_config" name="test_load_secrets_from_vault_failure" time="0.009" /><testcase classname="tests.test_config" name="test_load_secrets_from_vault_exception" time="0.006" /><testcase classname="tests.test_config" name="test_load_secrets_from_vault_local_override" time="0.006" /><testcase classname="tests.test_db" name="test_create_conversation_and_message" time="0.022" /><testcase classname="tests.test_main" name="test_health_check" time="0.007" /><testcase classname="tests.test_main" name="test_chat_endpoint" time="0.030" /><testcase classname="tests.test_main" name="test_chat_endpoint_exception" time="0.014" /><testcase classname="tests.test_main" name="test_get_conversations" time="0.022" /><testcase classname="tests.test_main" name="test_get_messages" time="0.024" /><testcase classname="tests.test_main" name="test_get_messages_not_found" time="0.010" /><testcase classname="tests.test_main" name="test_get_messages_unauthorized" time="0.019" /><testcase classname="tests.test_rag_chain" name="test_get_rag_chain" time="0.090" /></testsuite></testsuites>